This file contains any messages produced by compilers while
running configure, to aid debugging if configure makes a mistake.

It was created by configure, which was
generated by GNU Autoconf 2.69.  Invocation command line was

  $ ./configure --prefix=/Users/zhailintao/work/libev-comile-ios-android/libev-master/android/armv7 --host=arm-linux-androideabi HOST_CC=gcc-4.8 -O2 -m32 CROSS=/Users/zhailintao/android/android-ndk-r10e/toolchains/arm-linux-androideabi-4.9/prebuilt/darwin-x86_64/bin/arm-linux-androideabi- TARGET_SYS=Linux TARGET_FLAGS=--sysroot /Users/zhailintao/android/android-ndk-r10e/platforms/android-21/arch-arm -march=armv7-a -mfloat-abi=softfp -Wl,--fix-cortex-a8

## --------- ##
## Platform. ##
## --------- ##

hostname = localhost
uname -m = x86_64
uname -r = 15.6.0
uname -s = Darwin
uname -v = Darwin Kernel Version 15.6.0: Thu Jun 23 18:25:34 PDT 2016; root:xnu-3248.60.10~1/RELEASE_X86_64

/usr/bin/uname -p = i386
/bin/uname -X     = unknown

/bin/arch              = unknown
/usr/bin/arch -k       = unknown
/usr/convex/getsysinfo = unknown
/usr/bin/hostinfo      = Mach kernel version:
	 Darwin Kernel Version 15.6.0: Thu Jun 23 18:25:34 PDT 2016; root:xnu-3248.60.10~1/RELEASE_X86_64
Kernel configured for up to 8 processors.
4 processors are physically available.
8 processors are logically available.
Processor type: i486 (Intel 80486)
Processors active: 0 1 2 3 4 5 6 7
Primary memory available: 8.00 gigabytes
Default processor set: 269 tasks, 1310 threads, 8 processors
Load average: 2.31, Mach factor: 5.68
/bin/machine           = unknown
/usr/bin/oslevel       = unknown
/bin/universe          = unknown

PATH: /Users/zhailintao/android/adt-bundle-mac-x86_64-20130522/sdk/tools
PATH: /Users/zhailintao/android/adt-bundle-mac-x86_64-20130522/sdk/platform-tools
PATH: /Users/zhailintao/android/adt-bundle-mac-x86_64-20130522/sdk
PATH: /Users/zhailintao/android/android-ndk-r10e
PATH: /usr/local/bin/ant
PATH: /usr/local/bin
PATH: /usr/bin
PATH: /bin
PATH: /usr/sbin
PATH: /sbin


## ----------- ##
## Core tests. ##
## ----------- ##

configure:2253: checking for a BSD-compatible install
configure:2321: result: /usr/bin/install -c
configure:2332: checking whether build environment is sane
configure:2387: result: yes
configure:2446: checking for arm-linux-androideabi-strip
configure:2476: result: no
configure:2486: checking for strip
configure:2502: found /usr/bin/strip
configure:2513: result: strip
configure:2538: checking for a thread-safe mkdir -p
configure:2577: result: ./install-sh -c -d
configure:2584: checking for gawk
configure:2614: result: no
configure:2584: checking for mawk
configure:2614: result: no
configure:2584: checking for nawk
configure:2614: result: no
configure:2584: checking for awk
configure:2600: found /usr/bin/awk
configure:2611: result: awk
configure:2622: checking whether make sets $(MAKE)
configure:2644: result: yes
configure:2673: checking whether make supports nested variables
configure:2690: result: yes
configure:2820: checking whether to enable maintainer-specific portions of Makefiles
configure:2829: result: no
configure:2851: checking for arm-linux-androideabi-gcc
configure:2881: result: no
configure:2891: checking for gcc
configure:2907: found /usr/bin/gcc
configure:2918: result: gcc
configure:3147: checking for C compiler version
configure:3156: gcc --version >&5
Apple LLVM version 7.0.2 (clang-700.1.81)
Target: x86_64-apple-darwin15.6.0
Thread model: posix
Configured with: --prefix=/Applications/Xcode.app/Contents/Developer/usr --with-gxx-include-dir=/usr/include/c++/4.2.1
configure:3167: $? = 0
configure:3156: gcc -v >&5
Configured with: --prefix=/Applications/Xcode.app/Contents/Developer/usr --with-gxx-include-dir=/usr/include/c++/4.2.1
Apple LLVM version 7.0.2 (clang-700.1.81)
Target: x86_64-apple-darwin15.6.0
Thread model: posix
configure:3167: $? = 0
configure:3156: gcc -V >&5
clang: error: argument to '-V' is missing (expected 1 value)
clang: error: no input files
configure:3167: $? = 1
configure:3156: gcc -qversion >&5
clang: error: unknown argument: '-qversion'
clang: error: no input files
configure:3167: $? = 1
configure:3187: checking whether the C compiler works
configure:3209: gcc    conftest.c  >&5
configure:3213: $? = 0
configure:3261: result: yes
configure:3264: checking for C compiler default output file name
configure:3266: result: a.out
configure:3272: checking for suffix of executables
configure:3279: gcc -o conftest    conftest.c  >&5
configure:3283: $? = 0
configure:3305: result: 
configure:3327: checking whether we are cross compiling
configure:3335: gcc -o conftest    conftest.c  >&5
configure:3339: $? = 0
configure:3346: ./conftest
configure:3350: $? = 0
configure:3365: result: no
configure:3370: checking for suffix of object files
configure:3392: gcc -c   conftest.c >&5
configure:3396: $? = 0
configure:3417: result: o
configure:3421: checking whether we are using the GNU C compiler
configure:3440: gcc -c   conftest.c >&5
configure:3440: $? = 0
configure:3449: result: yes
configure:3458: checking whether gcc accepts -g
configure:3478: gcc -c -g  conftest.c >&5
configure:3478: $? = 0
configure:3519: result: yes
configure:3536: checking for gcc option to accept ISO C89
configure:3599: gcc  -c -g -O2  conftest.c >&5
configure:3599: $? = 0
configure:3612: result: none needed
configure:3637: checking whether gcc understands -c and -o together
configure:3659: gcc -c conftest.c -o conftest2.o
configure:3662: $? = 0
configure:3659: gcc -c conftest.c -o conftest2.o
configure:3662: $? = 0
configure:3674: result: yes
configure:3702: checking for style of include used by make
configure:3730: result: GNU
configure:3756: checking dependency style of gcc
configure:3867: result: gcc3
configure:3919: checking build system type
configure:3933: result: x86_64-apple-darwin15.6.0
configure:3953: checking host system type
configure:3966: result: arm-unknown-linux-androideabi
configure:4007: checking how to print strings
configure:4034: result: printf
configure:4055: checking for a sed that does not truncate output
configure:4119: result: /usr/bin/sed
configure:4137: checking for grep that handles long lines and -e
configure:4195: result: /usr/bin/grep
configure:4200: checking for egrep
configure:4262: result: /usr/bin/grep -E
configure:4267: checking for fgrep
configure:4329: result: /usr/bin/grep -F
configure:4364: checking for ld used by gcc
configure:4431: result: /Applications/Xcode.app/Contents/Developer/Toolchains/XcodeDefault.xctoolchain/usr/bin/ld
configure:4438: checking if the linker (/Applications/Xcode.app/Contents/Developer/Toolchains/XcodeDefault.xctoolchain/usr/bin/ld) is GNU ld
configure:4453: result: no
configure:4465: checking for BSD- or MS-compatible name lister (nm)
configure:4514: result: no
configure:4528: checking for arm-linux-androideabi-dumpbin
configure:4558: result: no
configure:4528: checking for arm-linux-androideabi-link
configure:4558: result: no
configure:4572: checking for dumpbin
configure:4602: result: no
configure:4572: checking for link
configure:4588: found /bin/link
configure:4599: result: link -dump
configure:4644: checking the name lister (nm) interface
configure:4651: gcc -c -g -O3  conftest.c >&5
configure:4654: nm "conftest.o"
configure:4657: output
000000000000020c S _some_variable
configure:4664: result: BSD nm
configure:4667: checking whether ln -s works
configure:4671: result: yes
configure:4679: checking the maximum length of command line arguments
configure:4810: result: 196608
configure:4827: checking whether the shell understands some XSI constructs
configure:4837: result: yes
configure:4841: checking whether the shell understands "+="
configure:4847: result: yes
configure:4882: checking how to convert x86_64-apple-darwin15.6.0 file names to arm-unknown-linux-androideabi format
configure:4922: result: func_convert_file_noop
configure:4929: checking how to convert x86_64-apple-darwin15.6.0 file names to toolchain format
configure:4949: result: func_convert_file_noop
configure:4956: checking for /Applications/Xcode.app/Contents/Developer/Toolchains/XcodeDefault.xctoolchain/usr/bin/ld option to reload object files
configure:4963: result: -r
configure:4997: checking for arm-linux-androideabi-objdump
configure:5027: result: no
configure:5037: checking for objdump
configure:5067: result: no
configure:5096: checking how to recognize dependent libraries
configure:5294: result: pass_all
configure:5339: checking for arm-linux-androideabi-dlltool
configure:5369: result: no
configure:5379: checking for dlltool
configure:5409: result: no
configure:5439: checking how to associate runtime and link libraries
configure:5466: result: printf %s\n
configure:5483: checking for arm-linux-androideabi-ar
configure:5513: result: no
configure:5527: checking for ar
configure:5543: found /usr/bin/ar
configure:5554: result: ar
configure:5591: checking for archiver @FILE support
configure:5608: gcc -c -g -O3  conftest.c >&5
configure:5608: $? = 0
configure:5611: ar cru libconftest.a @conftest.lst >&5
ar: @conftest.lst: No such file or directory
configure:5614: $? = 1
configure:5634: result: no
configure:5652: checking for arm-linux-androideabi-strip
configure:5679: result: strip
configure:5751: checking for arm-linux-androideabi-ranlib
configure:5781: result: no
configure:5791: checking for ranlib
configure:5807: found /usr/bin/ranlib
configure:5818: result: ranlib
configure:5920: checking command to parse nm output from gcc object
configure:6040: gcc -c -g -O3  conftest.c >&5
configure:6043: $? = 0
configure:6047: nm conftest.o \| sed -n -e 's/^.*[ ]\([BCDEGRST][BCDEGRST]*\)[ ][ ]*\([_A-Za-z][_A-Za-z0-9]*\)$/\1 \2 \2/p' | sed '/ __gnu_lto/d' \> conftest.nm
configure:6050: $? = 0
cannot find nm_test_var in conftest.nm
configure:6040: gcc -c -g -O3  conftest.c >&5
configure:6043: $? = 0
configure:6047: nm conftest.o \| sed -n -e 's/^.*[ ]\([BCDEGRST][BCDEGRST]*\)[ ][ ]*_\([_A-Za-z][_A-Za-z0-9]*\)$/\1 _\2 \2/p' | sed '/ __gnu_lto/d' \> conftest.nm
configure:6050: $? = 0
configure:6116: gcc -o conftest -g -O3   conftest.c conftstm.o >&5
warning: (x86_64)  could not find object file symbol for symbol _main
configure:6119: $? = 0
configure:6157: result: ok
configure:6194: checking for sysroot
configure:6224: result: no
configure:6453: checking for arm-linux-androideabi-mt
configure:6483: result: no
configure:6493: checking for mt
configure:6523: result: no
configure:6543: checking if : is a manifest tool
configure:6549: : '-?'
configure:6557: result: no
configure:7199: checking how to run the C preprocessor
configure:7230: gcc -E  conftest.c
configure:7230: $? = 0
configure:7244: gcc -E  conftest.c
conftest.c:11:10: fatal error: 'ac_nonexistent.h' file not found
#include <ac_nonexistent.h>
         ^
1 error generated.
configure:7244: $? = 1
configure: failed program was:
| /* confdefs.h */
| #define PACKAGE_NAME ""
| #define PACKAGE_TARNAME ""
| #define PACKAGE_VERSION ""
| #define PACKAGE_STRING ""
| #define PACKAGE_BUGREPORT ""
| #define PACKAGE_URL ""
| #define PACKAGE "libev"
| #define VERSION "4.22"
| /* end confdefs.h.  */
| #include <ac_nonexistent.h>
configure:7269: result: gcc -E
configure:7289: gcc -E  conftest.c
configure:7289: $? = 0
configure:7303: gcc -E  conftest.c
conftest.c:11:10: fatal error: 'ac_nonexistent.h' file not found
#include <ac_nonexistent.h>
         ^
1 error generated.
configure:7303: $? = 1
configure: failed program was:
| /* confdefs.h */
| #define PACKAGE_NAME ""
| #define PACKAGE_TARNAME ""
| #define PACKAGE_VERSION ""
| #define PACKAGE_STRING ""
| #define PACKAGE_BUGREPORT ""
| #define PACKAGE_URL ""
| #define PACKAGE "libev"
| #define VERSION "4.22"
| /* end confdefs.h.  */
| #include <ac_nonexistent.h>
configure:7332: checking for ANSI C header files
configure:7352: gcc -c -g -O3  conftest.c >&5
configure:7352: $? = 0
configure:7425: gcc -o conftest -g -O3   conftest.c  >&5
configure:7425: $? = 0
configure:7425: ./conftest
configure:7425: $? = 0
configure:7436: result: yes
configure:7449: checking for sys/types.h
configure:7449: gcc -c -g -O3  conftest.c >&5
configure:7449: $? = 0
configure:7449: result: yes
configure:7449: checking for sys/stat.h
configure:7449: gcc -c -g -O3  conftest.c >&5
configure:7449: $? = 0
configure:7449: result: yes
configure:7449: checking for stdlib.h
configure:7449: gcc -c -g -O3  conftest.c >&5
configure:7449: $? = 0
configure:7449: result: yes
configure:7449: checking for string.h
configure:7449: gcc -c -g -O3  conftest.c >&5
configure:7449: $? = 0
configure:7449: result: yes
configure:7449: checking for memory.h
configure:7449: gcc -c -g -O3  conftest.c >&5
configure:7449: $? = 0
configure:7449: result: yes
configure:7449: checking for strings.h
configure:7449: gcc -c -g -O3  conftest.c >&5
configure:7449: $? = 0
configure:7449: result: yes
configure:7449: checking for inttypes.h
configure:7449: gcc -c -g -O3  conftest.c >&5
configure:7449: $? = 0
configure:7449: result: yes
configure:7449: checking for stdint.h
configure:7449: gcc -c -g -O3  conftest.c >&5
configure:7449: $? = 0
configure:7449: result: yes
configure:7449: checking for unistd.h
configure:7449: gcc -c -g -O3  conftest.c >&5
configure:7449: $? = 0
configure:7449: result: yes
configure:7463: checking for dlfcn.h
configure:7463: gcc -c -g -O3  conftest.c >&5
configure:7463: $? = 0
configure:7463: result: yes
configure:7669: checking for objdir
configure:7684: result: .libs
configure:7951: checking if gcc supports -fno-rtti -fno-exceptions
configure:7969: gcc -c -g -O3  -fno-rtti -fno-exceptions conftest.c >&5
configure:7973: $? = 0
configure:7986: result: yes
configure:8313: checking for gcc option to produce PIC
configure:8320: result: -fPIC -DPIC
configure:8328: checking if gcc PIC flag -fPIC -DPIC works
configure:8346: gcc -c -g -O3  -fPIC -DPIC -DPIC conftest.c >&5
configure:8350: $? = 0
configure:8363: result: yes
configure:8392: checking if gcc static flag -static works
configure:8420: result: no
configure:8435: checking if gcc supports -c -o file.o
configure:8456: gcc -c -g -O3  -o out/conftest2.o conftest.c >&5
configure:8460: $? = 0
configure:8482: result: yes
configure:8490: checking if gcc supports -c -o file.o
configure:8537: result: yes
configure:8570: checking whether the gcc linker (/Applications/Xcode.app/Contents/Developer/Toolchains/XcodeDefault.xctoolchain/usr/bin/ld) supports shared libraries
configure:9727: result: no
configure:9967: checking dynamic linker characteristics
configure:10467: gcc -o conftest -g -O3    conftest.c  >&5
configure:10467: $? = 0
configure:10701: result: GNU/Linux ld.so
configure:10808: checking how to hardcode library paths into programs
configure:10833: result: unsupported
configure:11373: checking whether stripping libraries is possible
configure:11395: result: no
configure:11413: checking if libtool supports shared libraries
configure:11415: result: no
configure:11418: checking whether to build shared libraries
configure:11439: result: no
configure:11442: checking whether to build static libraries
configure:11446: result: yes
configure:11488: checking sys/inotify.h usability
configure:11488: gcc -c -g -O3  conftest.c >&5
conftest.c:56:10: fatal error: 'sys/inotify.h' file not found
#include <sys/inotify.h>
         ^
1 error generated.
configure:11488: $? = 1
configure: failed program was:
| /* confdefs.h */
| #define PACKAGE_NAME ""
| #define PACKAGE_TARNAME ""
| #define PACKAGE_VERSION ""
| #define PACKAGE_STRING ""
| #define PACKAGE_BUGREPORT ""
| #define PACKAGE_URL ""
| #define PACKAGE "libev"
| #define VERSION "4.22"
| #define STDC_HEADERS 1
| #define HAVE_SYS_TYPES_H 1
| #define HAVE_SYS_STAT_H 1
| #define HAVE_STDLIB_H 1
| #define HAVE_STRING_H 1
| #define HAVE_MEMORY_H 1
| #define HAVE_STRINGS_H 1
| #define HAVE_INTTYPES_H 1
| #define HAVE_STDINT_H 1
| #define HAVE_UNISTD_H 1
| #define HAVE_DLFCN_H 1
| #define LT_OBJDIR ".libs/"
| /* end confdefs.h.  */
| #include <stdio.h>
| #ifdef HAVE_SYS_TYPES_H
| # include <sys/types.h>
| #endif
| #ifdef HAVE_SYS_STAT_H
| # include <sys/stat.h>
| #endif
| #ifdef STDC_HEADERS
| # include <stdlib.h>
| # include <stddef.h>
| #else
| # ifdef HAVE_STDLIB_H
| #  include <stdlib.h>
| # endif
| #endif
| #ifdef HAVE_STRING_H
| # if !defined STDC_HEADERS && defined HAVE_MEMORY_H
| #  include <memory.h>
| # endif
| # include <string.h>
| #endif
| #ifdef HAVE_STRINGS_H
| # include <strings.h>
| #endif
| #ifdef HAVE_INTTYPES_H
| # include <inttypes.h>
| #endif
| #ifdef HAVE_STDINT_H
| # include <stdint.h>
| #endif
| #ifdef HAVE_UNISTD_H
| # include <unistd.h>
| #endif
| #include <sys/inotify.h>
configure:11488: result: no
configure:11488: checking sys/inotify.h presence
configure:11488: gcc -E  conftest.c
conftest.c:23:10: fatal error: 'sys/inotify.h' file not found
#include <sys/inotify.h>
         ^
1 error generated.
configure:11488: $? = 1
configure: failed program was:
| /* confdefs.h */
| #define PACKAGE_NAME ""
| #define PACKAGE_TARNAME ""
| #define PACKAGE_VERSION ""
| #define PACKAGE_STRING ""
| #define PACKAGE_BUGREPORT ""
| #define PACKAGE_URL ""
| #define PACKAGE "libev"
| #define VERSION "4.22"
| #define STDC_HEADERS 1
| #define HAVE_SYS_TYPES_H 1
| #define HAVE_SYS_STAT_H 1
| #define HAVE_STDLIB_H 1
| #define HAVE_STRING_H 1
| #define HAVE_MEMORY_H 1
| #define HAVE_STRINGS_H 1
| #define HAVE_INTTYPES_H 1
| #define HAVE_STDINT_H 1
| #define HAVE_UNISTD_H 1
| #define HAVE_DLFCN_H 1
| #define LT_OBJDIR ".libs/"
| /* end confdefs.h.  */
| #include <sys/inotify.h>
configure:11488: result: no
configure:11488: checking for sys/inotify.h
configure:11488: result: no
configure:11488: checking sys/epoll.h usability
configure:11488: gcc -c -g -O3  conftest.c >&5
conftest.c:56:10: fatal error: 'sys/epoll.h' file not found
#include <sys/epoll.h>
         ^
1 error generated.
configure:11488: $? = 1
configure: failed program was:
| /* confdefs.h */
| #define PACKAGE_NAME ""
| #define PACKAGE_TARNAME ""
| #define PACKAGE_VERSION ""
| #define PACKAGE_STRING ""
| #define PACKAGE_BUGREPORT ""
| #define PACKAGE_URL ""
| #define PACKAGE "libev"
| #define VERSION "4.22"
| #define STDC_HEADERS 1
| #define HAVE_SYS_TYPES_H 1
| #define HAVE_SYS_STAT_H 1
| #define HAVE_STDLIB_H 1
| #define HAVE_STRING_H 1
| #define HAVE_MEMORY_H 1
| #define HAVE_STRINGS_H 1
| #define HAVE_INTTYPES_H 1
| #define HAVE_STDINT_H 1
| #define HAVE_UNISTD_H 1
| #define HAVE_DLFCN_H 1
| #define LT_OBJDIR ".libs/"
| /* end confdefs.h.  */
| #include <stdio.h>
| #ifdef HAVE_SYS_TYPES_H
| # include <sys/types.h>
| #endif
| #ifdef HAVE_SYS_STAT_H
| # include <sys/stat.h>
| #endif
| #ifdef STDC_HEADERS
| # include <stdlib.h>
| # include <stddef.h>
| #else
| # ifdef HAVE_STDLIB_H
| #  include <stdlib.h>
| # endif
| #endif
| #ifdef HAVE_STRING_H
| # if !defined STDC_HEADERS && defined HAVE_MEMORY_H
| #  include <memory.h>
| # endif
| # include <string.h>
| #endif
| #ifdef HAVE_STRINGS_H
| # include <strings.h>
| #endif
| #ifdef HAVE_INTTYPES_H
| # include <inttypes.h>
| #endif
| #ifdef HAVE_STDINT_H
| # include <stdint.h>
| #endif
| #ifdef HAVE_UNISTD_H
| # include <unistd.h>
| #endif
| #include <sys/epoll.h>
configure:11488: result: no
configure:11488: checking sys/epoll.h presence
configure:11488: gcc -E  conftest.c
conftest.c:23:10: fatal error: 'sys/epoll.h' file not found
#include <sys/epoll.h>
         ^
1 error generated.
configure:11488: $? = 1
configure: failed program was:
| /* confdefs.h */
| #define PACKAGE_NAME ""
| #define PACKAGE_TARNAME ""
| #define PACKAGE_VERSION ""
| #define PACKAGE_STRING ""
| #define PACKAGE_BUGREPORT ""
| #define PACKAGE_URL ""
| #define PACKAGE "libev"
| #define VERSION "4.22"
| #define STDC_HEADERS 1
| #define HAVE_SYS_TYPES_H 1
| #define HAVE_SYS_STAT_H 1
| #define HAVE_STDLIB_H 1
| #define HAVE_STRING_H 1
| #define HAVE_MEMORY_H 1
| #define HAVE_STRINGS_H 1
| #define HAVE_INTTYPES_H 1
| #define HAVE_STDINT_H 1
| #define HAVE_UNISTD_H 1
| #define HAVE_DLFCN_H 1
| #define LT_OBJDIR ".libs/"
| /* end confdefs.h.  */
| #include <sys/epoll.h>
configure:11488: result: no
configure:11488: checking for sys/epoll.h
configure:11488: result: no
configure:11488: checking sys/event.h usability
configure:11488: gcc -c -g -O3  conftest.c >&5
configure:11488: $? = 0
configure:11488: result: yes
configure:11488: checking sys/event.h presence
configure:11488: gcc -E  conftest.c
configure:11488: $? = 0
configure:11488: result: yes
configure:11488: checking for sys/event.h
configure:11488: result: yes
configure:11488: checking port.h usability
configure:11488: gcc -c -g -O3  conftest.c >&5
conftest.c:57:10: fatal error: 'port.h' file not found
#include <port.h>
         ^
1 error generated.
configure:11488: $? = 1
configure: failed program was:
| /* confdefs.h */
| #define PACKAGE_NAME ""
| #define PACKAGE_TARNAME ""
| #define PACKAGE_VERSION ""
| #define PACKAGE_STRING ""
| #define PACKAGE_BUGREPORT ""
| #define PACKAGE_URL ""
| #define PACKAGE "libev"
| #define VERSION "4.22"
| #define STDC_HEADERS 1
| #define HAVE_SYS_TYPES_H 1
| #define HAVE_SYS_STAT_H 1
| #define HAVE_STDLIB_H 1
| #define HAVE_STRING_H 1
| #define HAVE_MEMORY_H 1
| #define HAVE_STRINGS_H 1
| #define HAVE_INTTYPES_H 1
| #define HAVE_STDINT_H 1
| #define HAVE_UNISTD_H 1
| #define HAVE_DLFCN_H 1
| #define LT_OBJDIR ".libs/"
| #define HAVE_SYS_EVENT_H 1
| /* end confdefs.h.  */
| #include <stdio.h>
| #ifdef HAVE_SYS_TYPES_H
| # include <sys/types.h>
| #endif
| #ifdef HAVE_SYS_STAT_H
| # include <sys/stat.h>
| #endif
| #ifdef STDC_HEADERS
| # include <stdlib.h>
| # include <stddef.h>
| #else
| # ifdef HAVE_STDLIB_H
| #  include <stdlib.h>
| # endif
| #endif
| #ifdef HAVE_STRING_H
| # if !defined STDC_HEADERS && defined HAVE_MEMORY_H
| #  include <memory.h>
| # endif
| # include <string.h>
| #endif
| #ifdef HAVE_STRINGS_H
| # include <strings.h>
| #endif
| #ifdef HAVE_INTTYPES_H
| # include <inttypes.h>
| #endif
| #ifdef HAVE_STDINT_H
| # include <stdint.h>
| #endif
| #ifdef HAVE_UNISTD_H
| # include <unistd.h>
| #endif
| #include <port.h>
configure:11488: result: no
configure:11488: checking port.h presence
configure:11488: gcc -E  conftest.c
conftest.c:24:10: fatal error: 'port.h' file not found
#include <port.h>
         ^
1 error generated.
configure:11488: $? = 1
configure: failed program was:
| /* confdefs.h */
| #define PACKAGE_NAME ""
| #define PACKAGE_TARNAME ""
| #define PACKAGE_VERSION ""
| #define PACKAGE_STRING ""
| #define PACKAGE_BUGREPORT ""
| #define PACKAGE_URL ""
| #define PACKAGE "libev"
| #define VERSION "4.22"
| #define STDC_HEADERS 1
| #define HAVE_SYS_TYPES_H 1
| #define HAVE_SYS_STAT_H 1
| #define HAVE_STDLIB_H 1
| #define HAVE_STRING_H 1
| #define HAVE_MEMORY_H 1
| #define HAVE_STRINGS_H 1
| #define HAVE_INTTYPES_H 1
| #define HAVE_STDINT_H 1
| #define HAVE_UNISTD_H 1
| #define HAVE_DLFCN_H 1
| #define LT_OBJDIR ".libs/"
| #define HAVE_SYS_EVENT_H 1
| /* end confdefs.h.  */
| #include <port.h>
configure:11488: result: no
configure:11488: checking for port.h
configure:11488: result: no
configure:11488: checking poll.h usability
configure:11488: gcc -c -g -O3  conftest.c >&5
configure:11488: $? = 0
configure:11488: result: yes
configure:11488: checking poll.h presence
configure:11488: gcc -E  conftest.c
configure:11488: $? = 0
configure:11488: result: yes
configure:11488: checking for poll.h
configure:11488: result: yes
configure:11488: checking sys/select.h usability
configure:11488: gcc -c -g -O3  conftest.c >&5
configure:11488: $? = 0
configure:11488: result: yes
configure:11488: checking sys/select.h presence
configure:11488: gcc -E  conftest.c
configure:11488: $? = 0
configure:11488: result: yes
configure:11488: checking for sys/select.h
configure:11488: result: yes
configure:11488: checking sys/eventfd.h usability
configure:11488: gcc -c -g -O3  conftest.c >&5
conftest.c:59:10: fatal error: 'sys/eventfd.h' file not found
#include <sys/eventfd.h>
         ^
1 error generated.
configure:11488: $? = 1
configure: failed program was:
| /* confdefs.h */
| #define PACKAGE_NAME ""
| #define PACKAGE_TARNAME ""
| #define PACKAGE_VERSION ""
| #define PACKAGE_STRING ""
| #define PACKAGE_BUGREPORT ""
| #define PACKAGE_URL ""
| #define PACKAGE "libev"
| #define VERSION "4.22"
| #define STDC_HEADERS 1
| #define HAVE_SYS_TYPES_H 1
| #define HAVE_SYS_STAT_H 1
| #define HAVE_STDLIB_H 1
| #define HAVE_STRING_H 1
| #define HAVE_MEMORY_H 1
| #define HAVE_STRINGS_H 1
| #define HAVE_INTTYPES_H 1
| #define HAVE_STDINT_H 1
| #define HAVE_UNISTD_H 1
| #define HAVE_DLFCN_H 1
| #define LT_OBJDIR ".libs/"
| #define HAVE_SYS_EVENT_H 1
| #define HAVE_POLL_H 1
| #define HAVE_SYS_SELECT_H 1
| /* end confdefs.h.  */
| #include <stdio.h>
| #ifdef HAVE_SYS_TYPES_H
| # include <sys/types.h>
| #endif
| #ifdef HAVE_SYS_STAT_H
| # include <sys/stat.h>
| #endif
| #ifdef STDC_HEADERS
| # include <stdlib.h>
| # include <stddef.h>
| #else
| # ifdef HAVE_STDLIB_H
| #  include <stdlib.h>
| # endif
| #endif
| #ifdef HAVE_STRING_H
| # if !defined STDC_HEADERS && defined HAVE_MEMORY_H
| #  include <memory.h>
| # endif
| # include <string.h>
| #endif
| #ifdef HAVE_STRINGS_H
| # include <strings.h>
| #endif
| #ifdef HAVE_INTTYPES_H
| # include <inttypes.h>
| #endif
| #ifdef HAVE_STDINT_H
| # include <stdint.h>
| #endif
| #ifdef HAVE_UNISTD_H
| # include <unistd.h>
| #endif
| #include <sys/eventfd.h>
configure:11488: result: no
configure:11488: checking sys/eventfd.h presence
configure:11488: gcc -E  conftest.c
conftest.c:26:10: fatal error: 'sys/eventfd.h' file not found
#include <sys/eventfd.h>
         ^
1 error generated.
configure:11488: $? = 1
configure: failed program was:
| /* confdefs.h */
| #define PACKAGE_NAME ""
| #define PACKAGE_TARNAME ""
| #define PACKAGE_VERSION ""
| #define PACKAGE_STRING ""
| #define PACKAGE_BUGREPORT ""
| #define PACKAGE_URL ""
| #define PACKAGE "libev"
| #define VERSION "4.22"
| #define STDC_HEADERS 1
| #define HAVE_SYS_TYPES_H 1
| #define HAVE_SYS_STAT_H 1
| #define HAVE_STDLIB_H 1
| #define HAVE_STRING_H 1
| #define HAVE_MEMORY_H 1
| #define HAVE_STRINGS_H 1
| #define HAVE_INTTYPES_H 1
| #define HAVE_STDINT_H 1
| #define HAVE_UNISTD_H 1
| #define HAVE_DLFCN_H 1
| #define LT_OBJDIR ".libs/"
| #define HAVE_SYS_EVENT_H 1
| #define HAVE_POLL_H 1
| #define HAVE_SYS_SELECT_H 1
| /* end confdefs.h.  */
| #include <sys/eventfd.h>
configure:11488: result: no
configure:11488: checking for sys/eventfd.h
configure:11488: result: no
configure:11488: checking sys/signalfd.h usability
configure:11488: gcc -c -g -O3  conftest.c >&5
conftest.c:59:10: fatal error: 'sys/signalfd.h' file not found
#include <sys/signalfd.h>
         ^
1 error generated.
configure:11488: $? = 1
configure: failed program was:
| /* confdefs.h */
| #define PACKAGE_NAME ""
| #define PACKAGE_TARNAME ""
| #define PACKAGE_VERSION ""
| #define PACKAGE_STRING ""
| #define PACKAGE_BUGREPORT ""
| #define PACKAGE_URL ""
| #define PACKAGE "libev"
| #define VERSION "4.22"
| #define STDC_HEADERS 1
| #define HAVE_SYS_TYPES_H 1
| #define HAVE_SYS_STAT_H 1
| #define HAVE_STDLIB_H 1
| #define HAVE_STRING_H 1
| #define HAVE_MEMORY_H 1
| #define HAVE_STRINGS_H 1
| #define HAVE_INTTYPES_H 1
| #define HAVE_STDINT_H 1
| #define HAVE_UNISTD_H 1
| #define HAVE_DLFCN_H 1
| #define LT_OBJDIR ".libs/"
| #define HAVE_SYS_EVENT_H 1
| #define HAVE_POLL_H 1
| #define HAVE_SYS_SELECT_H 1
| /* end confdefs.h.  */
| #include <stdio.h>
| #ifdef HAVE_SYS_TYPES_H
| # include <sys/types.h>
| #endif
| #ifdef HAVE_SYS_STAT_H
| # include <sys/stat.h>
| #endif
| #ifdef STDC_HEADERS
| # include <stdlib.h>
| # include <stddef.h>
| #else
| # ifdef HAVE_STDLIB_H
| #  include <stdlib.h>
| # endif
| #endif
| #ifdef HAVE_STRING_H
| # if !defined STDC_HEADERS && defined HAVE_MEMORY_H
| #  include <memory.h>
| # endif
| # include <string.h>
| #endif
| #ifdef HAVE_STRINGS_H
| # include <strings.h>
| #endif
| #ifdef HAVE_INTTYPES_H
| # include <inttypes.h>
| #endif
| #ifdef HAVE_STDINT_H
| # include <stdint.h>
| #endif
| #ifdef HAVE_UNISTD_H
| # include <unistd.h>
| #endif
| #include <sys/signalfd.h>
configure:11488: result: no
configure:11488: checking sys/signalfd.h presence
configure:11488: gcc -E  conftest.c
conftest.c:26:10: fatal error: 'sys/signalfd.h' file not found
#include <sys/signalfd.h>
         ^
1 error generated.
configure:11488: $? = 1
configure: failed program was:
| /* confdefs.h */
| #define PACKAGE_NAME ""
| #define PACKAGE_TARNAME ""
| #define PACKAGE_VERSION ""
| #define PACKAGE_STRING ""
| #define PACKAGE_BUGREPORT ""
| #define PACKAGE_URL ""
| #define PACKAGE "libev"
| #define VERSION "4.22"
| #define STDC_HEADERS 1
| #define HAVE_SYS_TYPES_H 1
| #define HAVE_SYS_STAT_H 1
| #define HAVE_STDLIB_H 1
| #define HAVE_STRING_H 1
| #define HAVE_MEMORY_H 1
| #define HAVE_STRINGS_H 1
| #define HAVE_INTTYPES_H 1
| #define HAVE_STDINT_H 1
| #define HAVE_UNISTD_H 1
| #define HAVE_DLFCN_H 1
| #define LT_OBJDIR ".libs/"
| #define HAVE_SYS_EVENT_H 1
| #define HAVE_POLL_H 1
| #define HAVE_SYS_SELECT_H 1
| /* end confdefs.h.  */
| #include <sys/signalfd.h>
configure:11488: result: no
configure:11488: checking for sys/signalfd.h
configure:11488: result: no
configure:11502: checking for inotify_init
configure:11502: gcc -o conftest -g -O3   conftest.c  >&5
Undefined symbols for architecture x86_64:
  "_inotify_init", referenced from:
      _main in conftest-4b8edc.o
ld: symbol(s) not found for architecture x86_64
clang: error: linker command failed with exit code 1 (use -v to see invocation)
configure:11502: $? = 1
configure: failed program was:
| /* confdefs.h */
| #define PACKAGE_NAME ""
| #define PACKAGE_TARNAME ""
| #define PACKAGE_VERSION ""
| #define PACKAGE_STRING ""
| #define PACKAGE_BUGREPORT ""
| #define PACKAGE_URL ""
| #define PACKAGE "libev"
| #define VERSION "4.22"
| #define STDC_HEADERS 1
| #define HAVE_SYS_TYPES_H 1
| #define HAVE_SYS_STAT_H 1
| #define HAVE_STDLIB_H 1
| #define HAVE_STRING_H 1
| #define HAVE_MEMORY_H 1
| #define HAVE_STRINGS_H 1
| #define HAVE_INTTYPES_H 1
| #define HAVE_STDINT_H 1
| #define HAVE_UNISTD_H 1
| #define HAVE_DLFCN_H 1
| #define LT_OBJDIR ".libs/"
| #define HAVE_SYS_EVENT_H 1
| #define HAVE_POLL_H 1
| #define HAVE_SYS_SELECT_H 1
| /* end confdefs.h.  */
| /* Define inotify_init to an innocuous variant, in case <limits.h> declares inotify_init.
|    For example, HP-UX 11i <limits.h> declares gettimeofday.  */
| #define inotify_init innocuous_inotify_init
| 
| /* System header to define __stub macros and hopefully few prototypes,
|     which can conflict with char inotify_init (); below.
|     Prefer <limits.h> to <assert.h> if __STDC__ is defined, since
|     <limits.h> exists even on freestanding compilers.  */
| 
| #ifdef __STDC__
| # include <limits.h>
| #else
| # include <assert.h>
| #endif
| 
| #undef inotify_init
| 
| /* Override any GCC internal prototype to avoid an error.
|    Use char because int might match the return type of a GCC
|    builtin and then its argument prototype would still apply.  */
| #ifdef __cplusplus
| extern "C"
| #endif
| char inotify_init ();
| /* The GNU C library defines this for functions which it implements
|     to always fail with ENOSYS.  Some functions are actually named
|     something starting with __ and the normal name is an alias.  */
| #if defined __stub_inotify_init || defined __stub___inotify_init
| choke me
| #endif
| 
| int
| main ()
| {
| return inotify_init ();
|   ;
|   return 0;
| }
configure:11502: result: no
configure:11502: checking for epoll_ctl
configure:11502: gcc -o conftest -g -O3   conftest.c  >&5
Undefined symbols for architecture x86_64:
  "_epoll_ctl", referenced from:
      _main in conftest-601520.o
ld: symbol(s) not found for architecture x86_64
clang: error: linker command failed with exit code 1 (use -v to see invocation)
configure:11502: $? = 1
configure: failed program was:
| /* confdefs.h */
| #define PACKAGE_NAME ""
| #define PACKAGE_TARNAME ""
| #define PACKAGE_VERSION ""
| #define PACKAGE_STRING ""
| #define PACKAGE_BUGREPORT ""
| #define PACKAGE_URL ""
| #define PACKAGE "libev"
| #define VERSION "4.22"
| #define STDC_HEADERS 1
| #define HAVE_SYS_TYPES_H 1
| #define HAVE_SYS_STAT_H 1
| #define HAVE_STDLIB_H 1
| #define HAVE_STRING_H 1
| #define HAVE_MEMORY_H 1
| #define HAVE_STRINGS_H 1
| #define HAVE_INTTYPES_H 1
| #define HAVE_STDINT_H 1
| #define HAVE_UNISTD_H 1
| #define HAVE_DLFCN_H 1
| #define LT_OBJDIR ".libs/"
| #define HAVE_SYS_EVENT_H 1
| #define HAVE_POLL_H 1
| #define HAVE_SYS_SELECT_H 1
| /* end confdefs.h.  */
| /* Define epoll_ctl to an innocuous variant, in case <limits.h> declares epoll_ctl.
|    For example, HP-UX 11i <limits.h> declares gettimeofday.  */
| #define epoll_ctl innocuous_epoll_ctl
| 
| /* System header to define __stub macros and hopefully few prototypes,
|     which can conflict with char epoll_ctl (); below.
|     Prefer <limits.h> to <assert.h> if __STDC__ is defined, since
|     <limits.h> exists even on freestanding compilers.  */
| 
| #ifdef __STDC__
| # include <limits.h>
| #else
| # include <assert.h>
| #endif
| 
| #undef epoll_ctl
| 
| /* Override any GCC internal prototype to avoid an error.
|    Use char because int might match the return type of a GCC
|    builtin and then its argument prototype would still apply.  */
| #ifdef __cplusplus
| extern "C"
| #endif
| char epoll_ctl ();
| /* The GNU C library defines this for functions which it implements
|     to always fail with ENOSYS.  Some functions are actually named
|     something starting with __ and the normal name is an alias.  */
| #if defined __stub_epoll_ctl || defined __stub___epoll_ctl
| choke me
| #endif
| 
| int
| main ()
| {
| return epoll_ctl ();
|   ;
|   return 0;
| }
configure:11502: result: no
configure:11502: checking for kqueue
configure:11502: gcc -o conftest -g -O3   conftest.c  >&5
configure:11502: $? = 0
configure:11502: result: yes
configure:11502: checking for port_create
configure:11502: gcc -o conftest -g -O3   conftest.c  >&5
Undefined symbols for architecture x86_64:
  "_port_create", referenced from:
      _main in conftest-87cb68.o
ld: symbol(s) not found for architecture x86_64
clang: error: linker command failed with exit code 1 (use -v to see invocation)
configure:11502: $? = 1
configure: failed program was:
| /* confdefs.h */
| #define PACKAGE_NAME ""
| #define PACKAGE_TARNAME ""
| #define PACKAGE_VERSION ""
| #define PACKAGE_STRING ""
| #define PACKAGE_BUGREPORT ""
| #define PACKAGE_URL ""
| #define PACKAGE "libev"
| #define VERSION "4.22"
| #define STDC_HEADERS 1
| #define HAVE_SYS_TYPES_H 1
| #define HAVE_SYS_STAT_H 1
| #define HAVE_STDLIB_H 1
| #define HAVE_STRING_H 1
| #define HAVE_MEMORY_H 1
| #define HAVE_STRINGS_H 1
| #define HAVE_INTTYPES_H 1
| #define HAVE_STDINT_H 1
| #define HAVE_UNISTD_H 1
| #define HAVE_DLFCN_H 1
| #define LT_OBJDIR ".libs/"
| #define HAVE_SYS_EVENT_H 1
| #define HAVE_POLL_H 1
| #define HAVE_SYS_SELECT_H 1
| #define HAVE_KQUEUE 1
| /* end confdefs.h.  */
| /* Define port_create to an innocuous variant, in case <limits.h> declares port_create.
|    For example, HP-UX 11i <limits.h> declares gettimeofday.  */
| #define port_create innocuous_port_create
| 
| /* System header to define __stub macros and hopefully few prototypes,
|     which can conflict with char port_create (); below.
|     Prefer <limits.h> to <assert.h> if __STDC__ is defined, since
|     <limits.h> exists even on freestanding compilers.  */
| 
| #ifdef __STDC__
| # include <limits.h>
| #else
| # include <assert.h>
| #endif
| 
| #undef port_create
| 
| /* Override any GCC internal prototype to avoid an error.
|    Use char because int might match the return type of a GCC
|    builtin and then its argument prototype would still apply.  */
| #ifdef __cplusplus
| extern "C"
| #endif
| char port_create ();
| /* The GNU C library defines this for functions which it implements
|     to always fail with ENOSYS.  Some functions are actually named
|     something starting with __ and the normal name is an alias.  */
| #if defined __stub_port_create || defined __stub___port_create
| choke me
| #endif
| 
| int
| main ()
| {
| return port_create ();
|   ;
|   return 0;
| }
configure:11502: result: no
configure:11502: checking for poll
configure:11502: gcc -o conftest -g -O3   conftest.c  >&5
configure:11502: $? = 0
configure:11502: result: yes
configure:11502: checking for select
configure:11502: gcc -o conftest -g -O3   conftest.c  >&5
configure:11502: $? = 0
configure:11502: result: yes
configure:11502: checking for eventfd
configure:11502: gcc -o conftest -g -O3   conftest.c  >&5
Undefined symbols for architecture x86_64:
  "_eventfd", referenced from:
      _main in conftest-413926.o
ld: symbol(s) not found for architecture x86_64
clang: error: linker command failed with exit code 1 (use -v to see invocation)
configure:11502: $? = 1
configure: failed program was:
| /* confdefs.h */
| #define PACKAGE_NAME ""
| #define PACKAGE_TARNAME ""
| #define PACKAGE_VERSION ""
| #define PACKAGE_STRING ""
| #define PACKAGE_BUGREPORT ""
| #define PACKAGE_URL ""
| #define PACKAGE "libev"
| #define VERSION "4.22"
| #define STDC_HEADERS 1
| #define HAVE_SYS_TYPES_H 1
| #define HAVE_SYS_STAT_H 1
| #define HAVE_STDLIB_H 1
| #define HAVE_STRING_H 1
| #define HAVE_MEMORY_H 1
| #define HAVE_STRINGS_H 1
| #define HAVE_INTTYPES_H 1
| #define HAVE_STDINT_H 1
| #define HAVE_UNISTD_H 1
| #define HAVE_DLFCN_H 1
| #define LT_OBJDIR ".libs/"
| #define HAVE_SYS_EVENT_H 1
| #define HAVE_POLL_H 1
| #define HAVE_SYS_SELECT_H 1
| #define HAVE_KQUEUE 1
| #define HAVE_POLL 1
| #define HAVE_SELECT 1
| /* end confdefs.h.  */
| /* Define eventfd to an innocuous variant, in case <limits.h> declares eventfd.
|    For example, HP-UX 11i <limits.h> declares gettimeofday.  */
| #define eventfd innocuous_eventfd
| 
| /* System header to define __stub macros and hopefully few prototypes,
|     which can conflict with char eventfd (); below.
|     Prefer <limits.h> to <assert.h> if __STDC__ is defined, since
|     <limits.h> exists even on freestanding compilers.  */
| 
| #ifdef __STDC__
| # include <limits.h>
| #else
| # include <assert.h>
| #endif
| 
| #undef eventfd
| 
| /* Override any GCC internal prototype to avoid an error.
|    Use char because int might match the return type of a GCC
|    builtin and then its argument prototype would still apply.  */
| #ifdef __cplusplus
| extern "C"
| #endif
| char eventfd ();
| /* The GNU C library defines this for functions which it implements
|     to always fail with ENOSYS.  Some functions are actually named
|     something starting with __ and the normal name is an alias.  */
| #if defined __stub_eventfd || defined __stub___eventfd
| choke me
| #endif
| 
| int
| main ()
| {
| return eventfd ();
|   ;
|   return 0;
| }
configure:11502: result: no
configure:11502: checking for signalfd
configure:11502: gcc -o conftest -g -O3   conftest.c  >&5
Undefined symbols for architecture x86_64:
  "_signalfd", referenced from:
      _main in conftest-69a7a0.o
ld: symbol(s) not found for architecture x86_64
clang: error: linker command failed with exit code 1 (use -v to see invocation)
configure:11502: $? = 1
configure: failed program was:
| /* confdefs.h */
| #define PACKAGE_NAME ""
| #define PACKAGE_TARNAME ""
| #define PACKAGE_VERSION ""
| #define PACKAGE_STRING ""
| #define PACKAGE_BUGREPORT ""
| #define PACKAGE_URL ""
| #define PACKAGE "libev"
| #define VERSION "4.22"
| #define STDC_HEADERS 1
| #define HAVE_SYS_TYPES_H 1
| #define HAVE_SYS_STAT_H 1
| #define HAVE_STDLIB_H 1
| #define HAVE_STRING_H 1
| #define HAVE_MEMORY_H 1
| #define HAVE_STRINGS_H 1
| #define HAVE_INTTYPES_H 1
| #define HAVE_STDINT_H 1
| #define HAVE_UNISTD_H 1
| #define HAVE_DLFCN_H 1
| #define LT_OBJDIR ".libs/"
| #define HAVE_SYS_EVENT_H 1
| #define HAVE_POLL_H 1
| #define HAVE_SYS_SELECT_H 1
| #define HAVE_KQUEUE 1
| #define HAVE_POLL 1
| #define HAVE_SELECT 1
| /* end confdefs.h.  */
| /* Define signalfd to an innocuous variant, in case <limits.h> declares signalfd.
|    For example, HP-UX 11i <limits.h> declares gettimeofday.  */
| #define signalfd innocuous_signalfd
| 
| /* System header to define __stub macros and hopefully few prototypes,
|     which can conflict with char signalfd (); below.
|     Prefer <limits.h> to <assert.h> if __STDC__ is defined, since
|     <limits.h> exists even on freestanding compilers.  */
| 
| #ifdef __STDC__
| # include <limits.h>
| #else
| # include <assert.h>
| #endif
| 
| #undef signalfd
| 
| /* Override any GCC internal prototype to avoid an error.
|    Use char because int might match the return type of a GCC
|    builtin and then its argument prototype would still apply.  */
| #ifdef __cplusplus
| extern "C"
| #endif
| char signalfd ();
| /* The GNU C library defines this for functions which it implements
|     to always fail with ENOSYS.  Some functions are actually named
|     something starting with __ and the normal name is an alias.  */
| #if defined __stub_signalfd || defined __stub___signalfd
| choke me
| #endif
| 
| int
| main ()
| {
| return signalfd ();
|   ;
|   return 0;
| }
configure:11502: result: no
configure:11514: checking for clock_gettime
configure:11514: gcc -o conftest -g -O3   conftest.c  >&5
Undefined symbols for architecture x86_64:
  "_clock_gettime", referenced from:
      _main in conftest-291d86.o
ld: symbol(s) not found for architecture x86_64
clang: error: linker command failed with exit code 1 (use -v to see invocation)
configure:11514: $? = 1
configure: failed program was:
| /* confdefs.h */
| #define PACKAGE_NAME ""
| #define PACKAGE_TARNAME ""
| #define PACKAGE_VERSION ""
| #define PACKAGE_STRING ""
| #define PACKAGE_BUGREPORT ""
| #define PACKAGE_URL ""
| #define PACKAGE "libev"
| #define VERSION "4.22"
| #define STDC_HEADERS 1
| #define HAVE_SYS_TYPES_H 1
| #define HAVE_SYS_STAT_H 1
| #define HAVE_STDLIB_H 1
| #define HAVE_STRING_H 1
| #define HAVE_MEMORY_H 1
| #define HAVE_STRINGS_H 1
| #define HAVE_INTTYPES_H 1
| #define HAVE_STDINT_H 1
| #define HAVE_UNISTD_H 1
| #define HAVE_DLFCN_H 1
| #define LT_OBJDIR ".libs/"
| #define HAVE_SYS_EVENT_H 1
| #define HAVE_POLL_H 1
| #define HAVE_SYS_SELECT_H 1
| #define HAVE_KQUEUE 1
| #define HAVE_POLL 1
| #define HAVE_SELECT 1
| /* end confdefs.h.  */
| /* Define clock_gettime to an innocuous variant, in case <limits.h> declares clock_gettime.
|    For example, HP-UX 11i <limits.h> declares gettimeofday.  */
| #define clock_gettime innocuous_clock_gettime
| 
| /* System header to define __stub macros and hopefully few prototypes,
|     which can conflict with char clock_gettime (); below.
|     Prefer <limits.h> to <assert.h> if __STDC__ is defined, since
|     <limits.h> exists even on freestanding compilers.  */
| 
| #ifdef __STDC__
| # include <limits.h>
| #else
| # include <assert.h>
| #endif
| 
| #undef clock_gettime
| 
| /* Override any GCC internal prototype to avoid an error.
|    Use char because int might match the return type of a GCC
|    builtin and then its argument prototype would still apply.  */
| #ifdef __cplusplus
| extern "C"
| #endif
| char clock_gettime ();
| /* The GNU C library defines this for functions which it implements
|     to always fail with ENOSYS.  Some functions are actually named
|     something starting with __ and the normal name is an alias.  */
| #if defined __stub_clock_gettime || defined __stub___clock_gettime
| choke me
| #endif
| 
| int
| main ()
| {
| return clock_gettime ();
|   ;
|   return 0;
| }
configure:11514: result: no
configure:11553: checking for clock_gettime in -lrt
configure:11578: gcc -o conftest -g -O3   conftest.c -lrt   >&5
ld: library not found for -lrt
clang: error: linker command failed with exit code 1 (use -v to see invocation)
configure:11578: $? = 1
configure: failed program was:
| /* confdefs.h */
| #define PACKAGE_NAME ""
| #define PACKAGE_TARNAME ""
| #define PACKAGE_VERSION ""
| #define PACKAGE_STRING ""
| #define PACKAGE_BUGREPORT ""
| #define PACKAGE_URL ""
| #define PACKAGE "libev"
| #define VERSION "4.22"
| #define STDC_HEADERS 1
| #define HAVE_SYS_TYPES_H 1
| #define HAVE_SYS_STAT_H 1
| #define HAVE_STDLIB_H 1
| #define HAVE_STRING_H 1
| #define HAVE_MEMORY_H 1
| #define HAVE_STRINGS_H 1
| #define HAVE_INTTYPES_H 1
| #define HAVE_STDINT_H 1
| #define HAVE_UNISTD_H 1
| #define HAVE_DLFCN_H 1
| #define LT_OBJDIR ".libs/"
| #define HAVE_SYS_EVENT_H 1
| #define HAVE_POLL_H 1
| #define HAVE_SYS_SELECT_H 1
| #define HAVE_KQUEUE 1
| #define HAVE_POLL 1
| #define HAVE_SELECT 1
| /* end confdefs.h.  */
| 
| /* Override any GCC internal prototype to avoid an error.
|    Use char because int might match the return type of a GCC
|    builtin and then its argument prototype would still apply.  */
| #ifdef __cplusplus
| extern "C"
| #endif
| char clock_gettime ();
| int
| main ()
| {
| return clock_gettime ();
|   ;
|   return 0;
| }
configure:11587: result: no
configure:11601: checking for clock_gettime
configure:11601: gcc -o conftest -g -O3   conftest.c  >&5
Undefined symbols for architecture x86_64:
  "_clock_gettime", referenced from:
      _main in conftest-a0df7c.o
ld: symbol(s) not found for architecture x86_64
clang: error: linker command failed with exit code 1 (use -v to see invocation)
configure:11601: $? = 1
configure: failed program was:
| /* confdefs.h */
| #define PACKAGE_NAME ""
| #define PACKAGE_TARNAME ""
| #define PACKAGE_VERSION ""
| #define PACKAGE_STRING ""
| #define PACKAGE_BUGREPORT ""
| #define PACKAGE_URL ""
| #define PACKAGE "libev"
| #define VERSION "4.22"
| #define STDC_HEADERS 1
| #define HAVE_SYS_TYPES_H 1
| #define HAVE_SYS_STAT_H 1
| #define HAVE_STDLIB_H 1
| #define HAVE_STRING_H 1
| #define HAVE_MEMORY_H 1
| #define HAVE_STRINGS_H 1
| #define HAVE_INTTYPES_H 1
| #define HAVE_STDINT_H 1
| #define HAVE_UNISTD_H 1
| #define HAVE_DLFCN_H 1
| #define LT_OBJDIR ".libs/"
| #define HAVE_SYS_EVENT_H 1
| #define HAVE_POLL_H 1
| #define HAVE_SYS_SELECT_H 1
| #define HAVE_KQUEUE 1
| #define HAVE_POLL 1
| #define HAVE_SELECT 1
| /* end confdefs.h.  */
| /* Define clock_gettime to an innocuous variant, in case <limits.h> declares clock_gettime.
|    For example, HP-UX 11i <limits.h> declares gettimeofday.  */
| #define clock_gettime innocuous_clock_gettime
| 
| /* System header to define __stub macros and hopefully few prototypes,
|     which can conflict with char clock_gettime (); below.
|     Prefer <limits.h> to <assert.h> if __STDC__ is defined, since
|     <limits.h> exists even on freestanding compilers.  */
| 
| #ifdef __STDC__
| # include <limits.h>
| #else
| # include <assert.h>
| #endif
| 
| #undef clock_gettime
| 
| /* Override any GCC internal prototype to avoid an error.
|    Use char because int might match the return type of a GCC
|    builtin and then its argument prototype would still apply.  */
| #ifdef __cplusplus
| extern "C"
| #endif
| char clock_gettime ();
| /* The GNU C library defines this for functions which it implements
|     to always fail with ENOSYS.  Some functions are actually named
|     something starting with __ and the normal name is an alias.  */
| #if defined __stub_clock_gettime || defined __stub___clock_gettime
| choke me
| #endif
| 
| int
| main ()
| {
| return clock_gettime ();
|   ;
|   return 0;
| }
configure:11601: result: no
configure:11618: checking for nanosleep
configure:11618: gcc -o conftest -g -O3   conftest.c  >&5
configure:11618: $? = 0
configure:11618: result: yes
configure:11693: checking for library containing floor
configure:11724: gcc -o conftest -g -O3   conftest.c  >&5
conftest.c:37:6: warning: incompatible redeclaration of library function 'floor' [-Wincompatible-library-redeclaration]
char floor ();
     ^
conftest.c:37:6: note: 'floor' is a builtin with type 'double (double)'
1 warning generated.
configure:11724: $? = 0
configure:11741: result: none required
configure:11865: checking that generated files are newer than configure
configure:11871: result: done
configure:11898: creating ./config.status

## ---------------------- ##
## Running config.status. ##
## ---------------------- ##

This file was extended by config.status, which was
generated by GNU Autoconf 2.69.  Invocation command line was

  CONFIG_FILES    = 
  CONFIG_HEADERS  = 
  CONFIG_LINKS    = 
  CONFIG_COMMANDS = 
  $ ./config.status 

on localhost

config.status:1088: creating Makefile
config.status:1088: creating config.h
config.status:1269: config.h is unchanged
config.status:1317: executing depfiles commands
config.status:1317: executing libtool commands

## ---------------- ##
## Cache variables. ##
## ---------------- ##

ac_cv_build=x86_64-apple-darwin15.6.0
ac_cv_c_compiler_gnu=yes
ac_cv_env_CC_set=
ac_cv_env_CC_value=
ac_cv_env_CFLAGS_set=
ac_cv_env_CFLAGS_value=
ac_cv_env_CPPFLAGS_set=
ac_cv_env_CPPFLAGS_value=
ac_cv_env_CPP_set=
ac_cv_env_CPP_value=
ac_cv_env_LDFLAGS_set=
ac_cv_env_LDFLAGS_value=
ac_cv_env_LIBS_set=
ac_cv_env_LIBS_value=
ac_cv_env_build_alias_set=
ac_cv_env_build_alias_value=
ac_cv_env_host_alias_set=set
ac_cv_env_host_alias_value=arm-linux-androideabi
ac_cv_env_target_alias_set=
ac_cv_env_target_alias_value=
ac_cv_func_clock_gettime=no
ac_cv_func_epoll_ctl=no
ac_cv_func_eventfd=no
ac_cv_func_inotify_init=no
ac_cv_func_kqueue=yes
ac_cv_func_nanosleep=yes
ac_cv_func_poll=yes
ac_cv_func_port_create=no
ac_cv_func_select=yes
ac_cv_func_signalfd=no
ac_cv_header_dlfcn_h=yes
ac_cv_header_inttypes_h=yes
ac_cv_header_memory_h=yes
ac_cv_header_poll_h=yes
ac_cv_header_port_h=no
ac_cv_header_stdc=yes
ac_cv_header_stdint_h=yes
ac_cv_header_stdlib_h=yes
ac_cv_header_string_h=yes
ac_cv_header_strings_h=yes
ac_cv_header_sys_epoll_h=no
ac_cv_header_sys_event_h=yes
ac_cv_header_sys_eventfd_h=no
ac_cv_header_sys_inotify_h=no
ac_cv_header_sys_select_h=yes
ac_cv_header_sys_signalfd_h=no
ac_cv_header_sys_stat_h=yes
ac_cv_header_sys_types_h=yes
ac_cv_header_unistd_h=yes
ac_cv_host=arm-unknown-linux-androideabi
ac_cv_lib_rt_clock_gettime=no
ac_cv_objext=o
ac_cv_path_EGREP='/usr/bin/grep -E'
ac_cv_path_FGREP='/usr/bin/grep -F'
ac_cv_path_GREP=/usr/bin/grep
ac_cv_path_SED=/usr/bin/sed
ac_cv_path_install='/usr/bin/install -c'
ac_cv_prog_AWK=awk
ac_cv_prog_CPP='gcc -E'
ac_cv_prog_STRIP=strip
ac_cv_prog_ac_ct_AR=ar
ac_cv_prog_ac_ct_CC=gcc
ac_cv_prog_ac_ct_DUMPBIN='link -dump'
ac_cv_prog_ac_ct_RANLIB=ranlib
ac_cv_prog_ac_ct_STRIP=strip
ac_cv_prog_cc_c89=
ac_cv_prog_cc_g=yes
ac_cv_prog_make_make_set=yes
ac_cv_search_floor='none required'
am_cv_CC_dependencies_compiler_type=gcc3
am_cv_make_support_nested_variables=yes
am_cv_prog_cc_c_o=yes
lt_cv_ar_at_file=no
lt_cv_deplibs_check_method=pass_all
lt_cv_file_magic_cmd='$MAGIC_CMD'
lt_cv_file_magic_test_file=
lt_cv_ld_reload_flag=-r
lt_cv_nm_interface='BSD nm'
lt_cv_objdir=.libs
lt_cv_path_LD=/Applications/Xcode.app/Contents/Developer/Toolchains/XcodeDefault.xctoolchain/usr/bin/ld
lt_cv_path_NM=no
lt_cv_path_mainfest_tool=no
lt_cv_prog_compiler_c_o=yes
lt_cv_prog_compiler_pic='-fPIC -DPIC'
lt_cv_prog_compiler_pic_works=yes
lt_cv_prog_compiler_rtti_exceptions=yes
lt_cv_prog_compiler_static_works=no
lt_cv_prog_gnu_ld=no
lt_cv_sharedlib_from_linklib_cmd='printf %s\n'
lt_cv_shlibpath_overrides_runpath=no
lt_cv_sys_global_symbol_pipe='sed -n -e '\''s/^.*[	 ]\([BCDEGRST][BCDEGRST]*\)[	 ][	 ]*_\([_A-Za-z][_A-Za-z0-9]*\)$/\1 _\2 \2/p'\'' | sed '\''/ __gnu_lto/d'\'''
lt_cv_sys_global_symbol_to_c_name_address='sed -n -e '\''s/^: \([^ ]*\)[ ]*$/  {\"\1\", (void *) 0},/p'\'' -e '\''s/^[BCDEGRST]* \([^ ]*\) \([^ ]*\)$/  {"\2", (void *) \&\2},/p'\'''
lt_cv_sys_global_symbol_to_c_name_address_lib_prefix='sed -n -e '\''s/^: \([^ ]*\)[ ]*$/  {\"\1\", (void *) 0},/p'\'' -e '\''s/^[BCDEGRST]* \([^ ]*\) \(lib[^ ]*\)$/  {"\2", (void *) \&\2},/p'\'' -e '\''s/^[BCDEGRST]* \([^ ]*\) \([^ ]*\)$/  {"lib\2", (void *) \&\2},/p'\'''
lt_cv_sys_global_symbol_to_cdecl='sed -n -e '\''s/^T .* \(.*\)$/extern int \1();/p'\'' -e '\''s/^[BCDEGRST]* .* \(.*\)$/extern char \1;/p'\'''
lt_cv_sys_max_cmd_len=196608
lt_cv_to_host_file_cmd=func_convert_file_noop
lt_cv_to_tool_file_cmd=func_convert_file_noop

## ----------------- ##
## Output variables. ##
## ----------------- ##

ACLOCAL='${SHELL} /Users/zhailintao/work/libev-comile-ios-android/libev-master/missing aclocal-1.14'
AMDEPBACKSLASH='\'
AMDEP_FALSE='#'
AMDEP_TRUE=''
AMTAR='$${TAR-tar}'
AM_BACKSLASH='\'
AM_DEFAULT_V='$(AM_DEFAULT_VERBOSITY)'
AM_DEFAULT_VERBOSITY='1'
AM_V='$(V)'
AR='ar'
AUTOCONF='${SHELL} /Users/zhailintao/work/libev-comile-ios-android/libev-master/missing autoconf'
AUTOHEADER='${SHELL} /Users/zhailintao/work/libev-comile-ios-android/libev-master/missing autoheader'
AUTOMAKE='${SHELL} /Users/zhailintao/work/libev-comile-ios-android/libev-master/missing automake-1.14'
AWK='awk'
CC='gcc'
CCDEPMODE='depmode=gcc3'
CFLAGS='-g -O3'
CPP='gcc -E'
CPPFLAGS=''
CYGPATH_W='echo'
DEFS='-DHAVE_CONFIG_H'
DEPDIR='.deps'
DLLTOOL='false'
DSYMUTIL=''
DUMPBIN=':'
ECHO_C='\c'
ECHO_N=''
ECHO_T=''
EGREP='/usr/bin/grep -E'
EXEEXT=''
FGREP='/usr/bin/grep -F'
GREP='/usr/bin/grep'
INSTALL_DATA='${INSTALL} -m 644'
INSTALL_PROGRAM='${INSTALL}'
INSTALL_SCRIPT='${INSTALL}'
INSTALL_STRIP_PROGRAM='$(install_sh) -c -s'
LD='/Applications/Xcode.app/Contents/Developer/Toolchains/XcodeDefault.xctoolchain/usr/bin/ld'
LDFLAGS=''
LIBOBJS=''
LIBS=''
LIBTOOL='$(SHELL) $(top_builddir)/libtool'
LIPO=''
LN_S='ln -s'
LTLIBOBJS=''
MAINT='#'
MAINTAINER_MODE_FALSE=''
MAINTAINER_MODE_TRUE='#'
MAKEINFO='${SHELL} /Users/zhailintao/work/libev-comile-ios-android/libev-master/missing makeinfo'
MANIFEST_TOOL=':'
MKDIR_P='./install-sh -c -d'
NM='nm'
NMEDIT=''
OBJDUMP='false'
OBJEXT='o'
OTOOL64=''
OTOOL=''
PACKAGE='libev'
PACKAGE_BUGREPORT=''
PACKAGE_NAME=''
PACKAGE_STRING=''
PACKAGE_TARNAME=''
PACKAGE_URL=''
PACKAGE_VERSION=''
PATH_SEPARATOR=':'
RANLIB='ranlib'
SED='/usr/bin/sed'
SET_MAKE=''
SHELL='/bin/sh'
STRIP='strip'
VERSION='4.22'
ac_ct_AR='ar'
ac_ct_CC='gcc'
ac_ct_DUMPBIN='link -dump'
am__EXEEXT_FALSE=''
am__EXEEXT_TRUE='#'
am__fastdepCC_FALSE='#'
am__fastdepCC_TRUE=''
am__include='include'
am__isrc=''
am__leading_dot='.'
am__nodep='_no'
am__quote=''
am__tar='$${TAR-tar} chof - "$$tardir"'
am__untar='$${TAR-tar} xf -'
bindir='${exec_prefix}/bin'
build='x86_64-apple-darwin15.6.0'
build_alias=''
build_cpu='x86_64'
build_os='darwin15.6.0'
build_vendor='apple'
datadir='${datarootdir}'
datarootdir='${prefix}/share'
docdir='${datarootdir}/doc/${PACKAGE}'
dvidir='${docdir}'
exec_prefix='${prefix}'
host='arm-unknown-linux-androideabi'
host_alias='arm-linux-androideabi'
host_cpu='arm'
host_os='linux-androideabi'
host_vendor='unknown'
htmldir='${docdir}'
includedir='${prefix}/include'
infodir='${datarootdir}/info'
install_sh='${SHELL} /Users/zhailintao/work/libev-comile-ios-android/libev-master/install-sh'
libdir='${exec_prefix}/lib'
libexecdir='${exec_prefix}/libexec'
localedir='${datarootdir}/locale'
localstatedir='${prefix}/var'
mandir='${datarootdir}/man'
mkdir_p='$(MKDIR_P)'
oldincludedir='/usr/include'
pdfdir='${docdir}'
prefix='/Users/zhailintao/work/libev-comile-ios-android/libev-master/android/armv7'
program_transform_name='s,x,x,'
psdir='${docdir}'
sbindir='${exec_prefix}/sbin'
sharedstatedir='${prefix}/com'
sysconfdir='${prefix}/etc'
target_alias=''

## ----------- ##
## confdefs.h. ##
## ----------- ##

/* confdefs.h */
#define PACKAGE_NAME ""
#define PACKAGE_TARNAME ""
#define PACKAGE_VERSION ""
#define PACKAGE_STRING ""
#define PACKAGE_BUGREPORT ""
#define PACKAGE_URL ""
#define PACKAGE "libev"
#define VERSION "4.22"
#define STDC_HEADERS 1
#define HAVE_SYS_TYPES_H 1
#define HAVE_SYS_STAT_H 1
#define HAVE_STDLIB_H 1
#define HAVE_STRING_H 1
#define HAVE_MEMORY_H 1
#define HAVE_STRINGS_H 1
#define HAVE_INTTYPES_H 1
#define HAVE_STDINT_H 1
#define HAVE_UNISTD_H 1
#define HAVE_DLFCN_H 1
#define LT_OBJDIR ".libs/"
#define HAVE_SYS_EVENT_H 1
#define HAVE_POLL_H 1
#define HAVE_SYS_SELECT_H 1
#define HAVE_KQUEUE 1
#define HAVE_POLL 1
#define HAVE_SELECT 1
#define HAVE_NANOSLEEP 1
#define HAVE_FLOOR 1

configure: exit 0
